<?xml version="1.0" encoding="UTF-8"?>
<testsuites name="TS01" time="21.712" tests="2" failures="0" errors="0">
   <testsuite name="TS01" tests="2" failures="0" errors="0" time="21.712" skipped="0" timestamp="17-09-2024T16:02:00" hostname="meghajaishankar - meghas-mbp.lan" id="Test Suites/TS01">
      <properties>
         <property name="deviceName" value=""/>
         <property name="devicePlatform"/>
         <property name="logFolder" value="/Users/meghajaishankar/git/KatalonStudioE2E/Reports/20240917_160156/TS01/20240917_160157"/>
         <property name="logFiles" value="/Users/meghajaishankar/git/KatalonStudioE2E/Reports/20240917_160156/TS01/20240917_160157/execution0.log"/>
         <property name="attachments" value=""/>
         <property name="hostName" value="meghajaishankar - meghas-mbp.lan"/>
         <property name="os" value="Mac OS X 64bit"/>
         <property name="katalonVersion" value="9.6.0.217"/>
         <property name="browser" value="Chrome 128.0.0.0"/>
         <property name="hostAddress" value="192.168.1.235"/>
         <property name="sessionId" value="c477f87837f36a31513780ffe38e41de"/>
         <property name="seleniumVersion" value="3.141.59"/>
         <property name="proxyInformation" value="ProxyInformation { proxyOption=NO_PROXY, proxyServerType=HTTP, username=, password=********, proxyServerAddress=, proxyServerPort=0, executionList=&quot;&quot;, isApplyToDesiredCapabilities=true }"/>
         <property name="platform" value="Mac OS X"/>
      </properties>
      <testcase name="Test Cases/TC01" time="13.307" classname="Test Cases/TC01" status="PASSED">
         <system-out><![CDATA[17-09-2024T16:02:00 - [TEST_CASE][PASSED] - Test Cases/TC01: Test Cases/TC01

17-09-2024T16:02:00 - [TEST_STEP][PASSED] - openBrowser(""): Browser is opened with url: ''

17-09-2024T16:02:00 - [MESSAGE][INFO] - Starting 'Chrome' driver

17-09-2024T16:02:00 - [MESSAGE][INFO] - Action delay is set to 0 milliseconds

17-09-2024T16:02:02 - [MESSAGE][PASSED] - Browser is opened with url: ''

17-09-2024T16:02:02 - [TEST_STEP][PASSED] - navigateToUrl("https://svp.sbs-stg.surgicalvideo.io/auth"): Navigate to 'https://svp.sbs-stg.surgicalvideo.io/auth' successfully

17-09-2024T16:02:04 - [MESSAGE][PASSED] - Navigate to 'https://svp.sbs-stg.surgicalvideo.io/auth' successfully

17-09-2024T16:02:04 - [TEST_STEP][PASSED] - setText(findTestObject("Object Repository/Page_Surgical Video/input_Email_sharedInput"), "svp2903@mailinator.com"): Text 'svp2903@mailinator.com' is set on object 'Object Repository/Page_Surgical Video/input_Email_sharedInput'

17-09-2024T16:02:05 - [MESSAGE][PASSED] - Text 'svp2903@mailinator.com' is set on object 'Object Repository/Page_Surgical Video/input_Email_sharedInput'

17-09-2024T16:02:05 - [TEST_STEP][PASSED] - setEncryptedText(findTestObject("Object Repository/Page_Surgical Video/input_Password_sharedInput"), "7YYAPzqgNw77WVoSql9amg=="): Text ****** has been set on object 'Object Repository/Page_Surgical Video/input_Password_sharedInput'

17-09-2024T16:02:05 - [MESSAGE][PASSED] - Text ****** has been set on object 'Object Repository/Page_Surgical Video/input_Password_sharedInput'

17-09-2024T16:02:05 - [TEST_STEP][PASSED] - click(findTestObject("Object Repository/Page_Surgical Video/button_Sign In")): Object: 'Object Repository/Page_Surgical Video/button_Sign In' is clicked on

17-09-2024T16:02:05 - [MESSAGE][PASSED] - Object: 'Object Repository/Page_Surgical Video/button_Sign In' is clicked on

17-09-2024T16:02:05 - [TEST_STEP][PASSED] - click(findTestObject("Object Repository/Page_Surgical Video/div_Tr")): Object: 'Object Repository/Page_Surgical Video/div_Tr' is clicked on

17-09-2024T16:02:10 - [MESSAGE][PASSED] - Object: 'Object Repository/Page_Surgical Video/div_Tr' is clicked on

17-09-2024T16:02:10 - [TEST_STEP][PASSED] - click(findTestObject("Object Repository/Page_Surgical Video/div_logoutLog Out")): Object: 'Object Repository/Page_Surgical Video/div_logoutLog Out' is clicked on

17-09-2024T16:02:12 - [MESSAGE][PASSED] - Object: 'Object Repository/Page_Surgical Video/div_logoutLog Out' is clicked on

17-09-2024T16:02:12 - [TEST_STEP][PASSED] - click(findTestObject("Object Repository/Page_Surgical Video/button_Confirm")): Object: 'Object Repository/Page_Surgical Video/button_Confirm' is clicked on

17-09-2024T16:02:13 - [MESSAGE][PASSED] - Object: 'Object Repository/Page_Surgical Video/button_Confirm' is clicked on

17-09-2024T16:02:13 - [TEST_STEP][PASSED] - closeBrowser(): Browser is closed

17-09-2024T16:02:13 - [MESSAGE][PASSED] - Browser is closed]]></system-out>
         <system-err><![CDATA[]]></system-err>
      </testcase>
      <testcase name="Test Cases/TC02" time="8.341" classname="Test Cases/TC02" status="PASSED">
         <system-out><![CDATA[17-09-2024T16:02:13 - [TEST_CASE][PASSED] - Test Cases/TC02: Test Cases/TC02

17-09-2024T16:02:13 - [TEST_STEP][PASSED] - openBrowser(""): Browser is opened with url: ''

17-09-2024T16:02:13 - [MESSAGE][INFO] - Starting 'Chrome' driver

17-09-2024T16:02:13 - [MESSAGE][INFO] - Action delay is set to 0 milliseconds

17-09-2024T16:02:14 - [MESSAGE][PASSED] - Browser is opened with url: ''

17-09-2024T16:02:14 - [TEST_STEP][PASSED] - navigateToUrl("https://svp.sbs-stg.surgicalvideo.io/auth"): Navigate to 'https://svp.sbs-stg.surgicalvideo.io/auth' successfully

17-09-2024T16:02:15 - [MESSAGE][PASSED] - Navigate to 'https://svp.sbs-stg.surgicalvideo.io/auth' successfully

17-09-2024T16:02:15 - [TEST_STEP][PASSED] - setText(findTestObject("Object Repository/Page_Surgical Video/input_Email_sharedInput"), "meghaabc@mailinator.com"): Text 'meghaabc@mailinator.com' is set on object 'Object Repository/Page_Surgical Video/input_Email_sharedInput'

17-09-2024T16:02:15 - [MESSAGE][PASSED] - Text 'meghaabc@mailinator.com' is set on object 'Object Repository/Page_Surgical Video/input_Email_sharedInput'

17-09-2024T16:02:15 - [TEST_STEP][PASSED] - setEncryptedText(findTestObject("Object Repository/Page_Surgical Video/input_Password_sharedInput"), "8tmQP900cn+KcSNHKgJU7Q=="): Text ****** has been set on object 'Object Repository/Page_Surgical Video/input_Password_sharedInput'

17-09-2024T16:02:16 - [MESSAGE][PASSED] - Text ****** has been set on object 'Object Repository/Page_Surgical Video/input_Password_sharedInput'

17-09-2024T16:02:16 - [TEST_STEP][PASSED] - click(findTestObject("Object Repository/Page_Surgical Video/button_Sign In")): Object: 'Object Repository/Page_Surgical Video/button_Sign In' is clicked on

17-09-2024T16:02:16 - [MESSAGE][PASSED] - Object: 'Object Repository/Page_Surgical Video/button_Sign In' is clicked on

17-09-2024T16:02:16 - [TEST_STEP][PASSED] - click(findTestObject("Object Repository/Page_Surgical Video/div_ee")): Object: 'Object Repository/Page_Surgical Video/div_ee' is clicked on

17-09-2024T16:02:20 - [MESSAGE][PASSED] - Object: 'Object Repository/Page_Surgical Video/div_ee' is clicked on

17-09-2024T16:02:20 - [TEST_STEP][PASSED] - click(findTestObject("Object Repository/Page_Surgical Video/p_Log Out")): Object: 'Object Repository/Page_Surgical Video/p_Log Out' is clicked on

17-09-2024T16:02:21 - [MESSAGE][PASSED] - Object: 'Object Repository/Page_Surgical Video/p_Log Out' is clicked on

17-09-2024T16:02:21 - [TEST_STEP][PASSED] - click(findTestObject("Object Repository/Page_Surgical Video/button_Confirm")): Object: 'Object Repository/Page_Surgical Video/button_Confirm' is clicked on

17-09-2024T16:02:21 - [MESSAGE][PASSED] - Object: 'Object Repository/Page_Surgical Video/button_Confirm' is clicked on

17-09-2024T16:02:21 - [TEST_STEP][PASSED] - closeBrowser(): Browser is closed

17-09-2024T16:02:22 - [MESSAGE][PASSED] - Browser is closed]]></system-out>
         <system-err><![CDATA[]]></system-err>
      </testcase>
      <system-out><![CDATA[17-09-2024T16:02:00 - [TEST_SUITE][PASSED] - TS01: Test Cases/TC02]]></system-out>
      <system-err><![CDATA[]]></system-err>
   </testsuite>
</testsuites>
