<?xml version="1.0" encoding="UTF-8"?>
<testsuites name="TS01" time="20.261" tests="2" failures="0" errors="0">
   <testsuite name="TS01" tests="2" failures="0" errors="0" time="20.261" skipped="0" timestamp="18-09-2024T09:16:20" hostname="meghajaishankar - meghas-mbp.lan" id="Test Suites/TS01">
      <properties>
         <property name="deviceName" value=""/>
         <property name="devicePlatform"/>
         <property name="logFolder" value="/Users/meghajaishankar/git/KatalonStudioE2E/Reports/20240918_091616/TS01/20240918_091617"/>
         <property name="logFiles" value="/Users/meghajaishankar/git/KatalonStudioE2E/Reports/20240918_091616/TS01/20240918_091617/execution0.log"/>
         <property name="attachments" value=""/>
         <property name="hostName" value="meghajaishankar - meghas-mbp.lan"/>
         <property name="os" value="Mac OS X 64bit"/>
         <property name="katalonVersion" value="9.6.0.217"/>
         <property name="browser" value="Chrome 128.0.0.0"/>
         <property name="hostAddress" value="192.168.1.235"/>
         <property name="sessionId" value="723d417377de4211e6e6240bab0a738f"/>
         <property name="seleniumVersion" value="3.141.59"/>
         <property name="proxyInformation" value="ProxyInformation { proxyOption=NO_PROXY, proxyServerType=HTTP, username=, password=********, proxyServerAddress=, proxyServerPort=0, executionList=&quot;&quot;, isApplyToDesiredCapabilities=true }"/>
         <property name="platform" value="Mac OS X"/>
      </properties>
      <testcase name="Test Cases/TC01" time="12.055" classname="Test Cases/TC01" status="PASSED">
         <system-out><![CDATA[18-09-2024T09:16:21 - [TEST_CASE][PASSED] - Test Cases/TC01: Test Cases/TC01

18-09-2024T09:16:21 - [TEST_STEP][PASSED] - openBrowser(""): Browser is opened with url: ''

18-09-2024T09:16:21 - [MESSAGE][INFO] - Starting 'Chrome' driver

18-09-2024T09:16:21 - [MESSAGE][INFO] - Action delay is set to 0 milliseconds

18-09-2024T09:16:22 - [MESSAGE][PASSED] - Browser is opened with url: ''

18-09-2024T09:16:22 - [TEST_STEP][PASSED] - navigateToUrl("https://svp.sbs-stg.surgicalvideo.io/auth"): Navigate to 'https://svp.sbs-stg.surgicalvideo.io/auth' successfully

18-09-2024T09:16:23 - [MESSAGE][PASSED] - Navigate to 'https://svp.sbs-stg.surgicalvideo.io/auth' successfully

18-09-2024T09:16:23 - [TEST_STEP][PASSED] - setText(findTestObject("Object Repository/Page_Surgical Video/input_Email_sharedInput"), "svp2903@mailinator.com"): Text 'svp2903@mailinator.com' is set on object 'Object Repository/Page_Surgical Video/input_Email_sharedInput'

18-09-2024T09:16:24 - [MESSAGE][PASSED] - Text 'svp2903@mailinator.com' is set on object 'Object Repository/Page_Surgical Video/input_Email_sharedInput'

18-09-2024T09:16:24 - [TEST_STEP][PASSED] - setEncryptedText(findTestObject("Object Repository/Page_Surgical Video/input_Password_sharedInput"), "7YYAPzqgNw77WVoSql9amg=="): Text ****** has been set on object 'Object Repository/Page_Surgical Video/input_Password_sharedInput'

18-09-2024T09:16:24 - [MESSAGE][PASSED] - Text ****** has been set on object 'Object Repository/Page_Surgical Video/input_Password_sharedInput'

18-09-2024T09:16:24 - [TEST_STEP][PASSED] - click(findTestObject("Object Repository/Page_Surgical Video/button_Sign In")): Object: 'Object Repository/Page_Surgical Video/button_Sign In' is clicked on

18-09-2024T09:16:25 - [MESSAGE][PASSED] - Object: 'Object Repository/Page_Surgical Video/button_Sign In' is clicked on

18-09-2024T09:16:25 - [TEST_STEP][PASSED] - click(findTestObject("Object Repository/Page_Surgical Video/div_Tr")): Object: 'Object Repository/Page_Surgical Video/div_Tr' is clicked on

18-09-2024T09:16:28 - [MESSAGE][PASSED] - Object: 'Object Repository/Page_Surgical Video/div_Tr' is clicked on

18-09-2024T09:16:28 - [TEST_STEP][PASSED] - click(findTestObject("Object Repository/Page_Surgical Video/div_logoutLog Out")): Object: 'Object Repository/Page_Surgical Video/div_logoutLog Out' is clicked on

18-09-2024T09:16:32 - [MESSAGE][PASSED] - Object: 'Object Repository/Page_Surgical Video/div_logoutLog Out' is clicked on

18-09-2024T09:16:32 - [TEST_STEP][PASSED] - click(findTestObject("Object Repository/Page_Surgical Video/button_Confirm")): Object: 'Object Repository/Page_Surgical Video/button_Confirm' is clicked on

18-09-2024T09:16:32 - [MESSAGE][PASSED] - Object: 'Object Repository/Page_Surgical Video/button_Confirm' is clicked on

18-09-2024T09:16:32 - [TEST_STEP][PASSED] - closeBrowser(): Browser is closed

18-09-2024T09:16:33 - [MESSAGE][PASSED] - Browser is closed]]></system-out>
         <system-err><![CDATA[]]></system-err>
      </testcase>
      <testcase name="Test Cases/TC02" time="8.145" classname="Test Cases/TC02" status="PASSED">
         <system-out><![CDATA[18-09-2024T09:16:33 - [TEST_CASE][PASSED] - Test Cases/TC02: Test Cases/TC02

18-09-2024T09:16:33 - [TEST_STEP][PASSED] - openBrowser(""): Browser is opened with url: ''

18-09-2024T09:16:33 - [MESSAGE][INFO] - Starting 'Chrome' driver

18-09-2024T09:16:33 - [MESSAGE][INFO] - Action delay is set to 0 milliseconds

18-09-2024T09:16:33 - [MESSAGE][PASSED] - Browser is opened with url: ''

18-09-2024T09:16:33 - [TEST_STEP][PASSED] - navigateToUrl("https://svp.sbs-stg.surgicalvideo.io/auth"): Navigate to 'https://svp.sbs-stg.surgicalvideo.io/auth' successfully

18-09-2024T09:16:34 - [MESSAGE][PASSED] - Navigate to 'https://svp.sbs-stg.surgicalvideo.io/auth' successfully

18-09-2024T09:16:34 - [TEST_STEP][PASSED] - setText(findTestObject("Object Repository/Page_Surgical Video/input_Email_sharedInput"), "meghaabc@mailinator.com"): Text 'meghaabc@mailinator.com' is set on object 'Object Repository/Page_Surgical Video/input_Email_sharedInput'

18-09-2024T09:16:35 - [MESSAGE][PASSED] - Text 'meghaabc@mailinator.com' is set on object 'Object Repository/Page_Surgical Video/input_Email_sharedInput'

18-09-2024T09:16:35 - [TEST_STEP][PASSED] - setEncryptedText(findTestObject("Object Repository/Page_Surgical Video/input_Password_sharedInput"), "8tmQP900cn+KcSNHKgJU7Q=="): Text ****** has been set on object 'Object Repository/Page_Surgical Video/input_Password_sharedInput'

18-09-2024T09:16:35 - [MESSAGE][PASSED] - Text ****** has been set on object 'Object Repository/Page_Surgical Video/input_Password_sharedInput'

18-09-2024T09:16:35 - [TEST_STEP][PASSED] - click(findTestObject("Object Repository/Page_Surgical Video/button_Sign In")): Object: 'Object Repository/Page_Surgical Video/button_Sign In' is clicked on

18-09-2024T09:16:35 - [MESSAGE][PASSED] - Object: 'Object Repository/Page_Surgical Video/button_Sign In' is clicked on

18-09-2024T09:16:35 - [TEST_STEP][PASSED] - click(findTestObject("Object Repository/Page_Surgical Video/div_ee")): Object: 'Object Repository/Page_Surgical Video/div_ee' is clicked on

18-09-2024T09:16:39 - [MESSAGE][PASSED] - Object: 'Object Repository/Page_Surgical Video/div_ee' is clicked on

18-09-2024T09:16:39 - [TEST_STEP][PASSED] - click(findTestObject("Object Repository/Page_Surgical Video/p_Log Out")): Object: 'Object Repository/Page_Surgical Video/p_Log Out' is clicked on

18-09-2024T09:16:40 - [MESSAGE][PASSED] - Object: 'Object Repository/Page_Surgical Video/p_Log Out' is clicked on

18-09-2024T09:16:40 - [TEST_STEP][PASSED] - click(findTestObject("Object Repository/Page_Surgical Video/button_Confirm")): Object: 'Object Repository/Page_Surgical Video/button_Confirm' is clicked on

18-09-2024T09:16:41 - [MESSAGE][PASSED] - Object: 'Object Repository/Page_Surgical Video/button_Confirm' is clicked on

18-09-2024T09:16:41 - [TEST_STEP][PASSED] - closeBrowser(): Browser is closed

18-09-2024T09:16:41 - [MESSAGE][PASSED] - Browser is closed]]></system-out>
         <system-err><![CDATA[]]></system-err>
      </testcase>
      <system-out><![CDATA[18-09-2024T09:16:20 - [TEST_SUITE][PASSED] - TS01: Test Cases/TC02]]></system-out>
      <system-err><![CDATA[]]></system-err>
   </testsuite>
</testsuites>
